TN:
SF:script/DeploySwitchlane.s.sol
FN:11,DeploySwitchlane.run
FNDA:0,DeploySwitchlane.run
DA:12,0
DA:14,0
DA:21,0
DA:23,0
DA:25,0
DA:28,0
DA:30,0
FNF:1
FNH:0
LF:7
LH:0
BRF:0
BRH:0
end_of_record
TN:
SF:script/HelperConfig.s.sol
FN:48,HelperConfig.getMumbaiConfig
FNDA:0,HelperConfig.getMumbaiConfig
DA:49,0
DA:54,0
FN:65,HelperConfig.getPolygonConfig
FNDA:0,HelperConfig.getPolygonConfig
DA:66,0
DA:71,0
FN:82,HelperConfig.getMainnetConfig
FNDA:0,HelperConfig.getMainnetConfig
DA:83,0
DA:88,0
FN:99,HelperConfig.getSepoliaConfig
FNDA:0,HelperConfig.getSepoliaConfig
DA:100,0
DA:105,0
FN:116,HelperConfig.getOrCreateAnvilConfig
FNDA:0,HelperConfig.getOrCreateAnvilConfig
DA:117,0
BRDA:117,0,0,-
BRDA:117,0,1,-
DA:118,0
DA:121,0
DA:123,0
DA:125,0
DA:126,0
DA:128,0
DA:130,0
DA:131,0
DA:133,0
FNF:5
FNH:0
LF:18
LH:0
BRF:2
BRH:0
end_of_record
TN:
SF:src/Switchlane.sol
FN:173,Switchlane._transferTokens
FNDA:0,Switchlane._transferTokens
DA:179,0
DA:180,0
DA:181,0
DA:183,0
DA:197,0
DA:199,0
DA:201,0
BRDA:201,0,0,-
BRDA:201,0,1,-
DA:202,0
DA:203,0
BRDA:203,1,0,-
BRDA:203,1,1,-
DA:204,0
DA:207,0
DA:209,0
BRDA:209,2,0,-
BRDA:209,2,1,-
DA:210,0
DA:213,0
DA:215,0
DA:218,0
DA:220,0
FN:231,Switchlane._receiveTokens
FNDA:0,Switchlane._receiveTokens
DA:237,0
FN:240,Switchlane._swapExactInputSingle
FNDA:0,Switchlane._swapExactInputSingle
DA:247,0
DA:249,0
DA:260,0
FN:263,Switchlane._swapExactOutputSingle
FNDA:0,Switchlane._swapExactOutputSingle
DA:269,0
DA:271,0
DA:282,0
DA:284,0
BRDA:284,3,0,-
BRDA:284,3,1,-
DA:285,0
FN:289,Switchlane._calculateSwapFee
FNDA:0,Switchlane._calculateSwapFee
DA:290,0
FN:297,Switchlane.withdrawToken
FNDA:2,Switchlane.withdrawToken
DA:298,1
DA:300,1
BRDA:300,4,0,1
BRDA:300,4,1,-
DA:302,0
FN:305,Switchlane.calculateLinkFees
FNDA:3,Switchlane.calculateLinkFees
DA:318,0
DA:319,0
DA:320,0
DA:321,0
DA:323,0
DA:338,0
DA:340,0
FN:343,Switchlane.calculateProtocolFees
FNDA:4,Switchlane.calculateProtocolFees
DA:358,0
DA:360,0
DA:361,0
DA:362,0
DA:364,0
DA:366,0
DA:368,0
FN:371,Switchlane.getTokenUsdValue
FNDA:1,Switchlane.getTokenUsdValue
DA:377,1
DA:389,1
DA:391,1
FN:408,Switchlane.switchlaneExactInput
FNDA:2,Switchlane.switchlaneExactInput
DA:430,0
DA:432,0
DA:434,0
BRDA:434,5,0,-
BRDA:434,5,1,-
DA:437,0
DA:438,0
DA:440,0
DA:441,0
DA:442,0
BRDA:442,6,0,-
BRDA:442,6,1,-
DA:444,0
DA:445,0
DA:446,0
BRDA:446,7,0,-
BRDA:446,7,1,-
DA:448,0
DA:449,0
DA:452,0
DA:454,0
DA:456,0
BRDA:456,8,0,-
BRDA:456,8,1,-
DA:457,0
DA:458,0
BRDA:458,9,0,-
BRDA:458,9,1,-
DA:459,0
DA:463,0
DA:467,0
FN:483,Switchlane.switchlaneExactOutput
FNDA:2,Switchlane.switchlaneExactOutput
DA:503,0
DA:505,0
DA:507,0
DA:509,0
BRDA:509,10,0,-
BRDA:509,10,1,-
DA:511,0
DA:513,0
BRDA:513,11,0,-
BRDA:513,11,1,-
DA:514,0
DA:516,0
BRDA:516,12,0,-
BRDA:516,12,1,-
DA:517,0
BRDA:517,13,0,-
BRDA:517,13,1,-
DA:518,0
DA:519,0
DA:521,0
DA:523,0
BRDA:523,14,0,-
BRDA:523,14,1,-
DA:524,0
DA:526,0
BRDA:526,15,0,-
BRDA:526,15,1,-
DA:527,0
DA:528,0
DA:529,0
BRDA:529,16,0,-
BRDA:529,16,1,-
DA:530,0
DA:533,0
DA:535,0
DA:537,0
DA:539,0
BRDA:539,17,0,-
BRDA:539,17,1,-
DA:540,0
DA:544,0
DA:546,0
DA:548,0
BRDA:548,18,0,-
BRDA:548,18,1,-
DA:549,0
DA:553,0
FN:560,Switchlane.whitelistChain
FNDA:7,Switchlane.whitelistChain
DA:561,7
FN:568,Switchlane.denylistChain
FNDA:1,Switchlane.denylistChain
DA:569,1
FN:576,Switchlane.whitelistTokenOnChain
FNDA:2,Switchlane.whitelistTokenOnChain
DA:577,2
FN:584,Switchlane.denylistTokenOnChain
FNDA:1,Switchlane.denylistTokenOnChain
DA:585,1
FN:592,Switchlane.allowlistReceiveToken
FNDA:2,Switchlane.allowlistReceiveToken
DA:593,2
FN:600,Switchlane.denylistReceiveToken
FNDA:1,Switchlane.denylistReceiveToken
DA:601,1
FN:608,Switchlane.whitelistSwapPair
FNDA:7,Switchlane.whitelistSwapPair
DA:609,7
FN:616,Switchlane.denylistSwapPair
FNDA:1,Switchlane.denylistSwapPair
DA:617,1
FN:620,Switchlane.changePoolFee
FNDA:1,Switchlane.changePoolFee
DA:621,1
FN:630,Switchlane.addPriceFeedUsdAddressToToken
FNDA:3,Switchlane.addPriceFeedUsdAddressToToken
DA:631,3
FN:639,Switchlane.removePriceFeedUsdAddressToToken
FNDA:1,Switchlane.removePriceFeedUsdAddressToToken
DA:640,1
FN:647,Switchlane.getRouterAddress
FNDA:1,Switchlane.getRouterAddress
DA:648,1
FN:651,Switchlane.getLinkTokenAddress
FNDA:1,Switchlane.getLinkTokenAddress
DA:652,1
FN:655,Switchlane.getSwapRouter
FNDA:1,Switchlane.getSwapRouter
DA:656,1
FN:659,Switchlane.getTokenPriceFeedAddress
FNDA:2,Switchlane.getTokenPriceFeedAddress
DA:660,2
FNF:26
FNH:21
LF:112
LH:20
BRF:38
BRH:1
end_of_record
TN:
SF:test/mock/ERC20Mock.sol
FN:9,ERC20Mock.mint
FNDA:0,ERC20Mock.mint
DA:10,0
FN:13,ERC20Mock.burn
FNDA:0,ERC20Mock.burn
DA:14,0
FNF:2
FNH:0
LF:2
LH:0
BRF:0
BRH:0
end_of_record
TN:
SF:test/mock/LinkToken.sol
FN:28,LinkToken.transferAndCall
FNDA:0,LinkToken.transferAndCall
DA:29,0
DA:31,0
DA:32,0
BRDA:32,0,0,-
BRDA:32,0,1,-
DA:33,0
DA:35,0
FN:40,LinkToken.contractFallback
FNDA:0,LinkToken.contractFallback
DA:41,0
DA:42,0
FN:45,LinkToken.isContract
FNDA:0,LinkToken.isContract
DA:46,0
DA:48,0
DA:50,0
FNF:3
FNH:0
LF:10
LH:0
BRF:2
BRH:0
end_of_record
TN:
SF:test/mock/MockV3Aggregator.sol
FN:29,MockV3Aggregator.updateAnswer
FNDA:0,MockV3Aggregator.updateAnswer
DA:30,0
DA:31,0
DA:32,0
DA:33,0
DA:34,0
DA:35,0
FN:38,MockV3Aggregator.updateRoundData
FNDA:0,MockV3Aggregator.updateRoundData
DA:39,0
DA:40,0
DA:41,0
DA:42,0
DA:43,0
DA:44,0
FN:47,MockV3Aggregator.getRoundData
FNDA:0,MockV3Aggregator.getRoundData
DA:52,0
FN:55,MockV3Aggregator.latestRoundData
FNDA:1,MockV3Aggregator.latestRoundData
DA:60,1
FN:69,MockV3Aggregator.description
FNDA:0,MockV3Aggregator.description
DA:70,0
FNF:5
FNH:1
LF:15
LH:1
BRF:0
BRH:0
end_of_record
TN:
SF:test/mock/SLN.sol
FN:12,MyToken.mint
FNDA:0,MyToken.mint
DA:13,0
FNF:1
FNH:0
LF:1
LH:0
BRF:0
BRH:0
end_of_record
