TN:
SF:src/Switchlane.sol
FN:173,Switchlane._transferTokens
FN:231,Switchlane._receiveTokens
FN:240,Switchlane._swapExactInputSingle
FN:263,Switchlane._swapExactOutputSingle
FN:289,Switchlane._calculateSwapFee
FN:297,Switchlane.withdrawToken
FN:305,Switchlane.calculateLinkFees
FN:346,Switchlane.calculateProtocolFees
FN:374,Switchlane.getTokenUsdValue
FN:402,Switchlane.getTokenAmountFromUsd
FN:429,Switchlane.switchlaneExactInput
FN:504,Switchlane.switchlaneExactOutput
FN:586,Switchlane.calculateMinimumOutAmount
FN:623,Switchlane.calculateMaximumInAmount
FN:655,Switchlane.whitelistChain
FN:663,Switchlane.denylistChain
FN:671,Switchlane.whitelistTokenOnChain
FN:679,Switchlane.denylistTokenOnChain
FN:687,Switchlane.allowlistReceiveToken
FN:695,Switchlane.denylistReceiveToken
FN:703,Switchlane.whitelistSwapPair
FN:711,Switchlane.denylistSwapPair
FN:715,Switchlane.changePoolFee
FN:725,Switchlane.addPriceFeedUsdAddressToToken
FN:734,Switchlane.removePriceFeedUsdAddressToToken
FN:742,Switchlane.getRouterAddress
FN:746,Switchlane.getLinkTokenAddress
FN:750,Switchlane.getSwapRouter
FN:754,Switchlane.getTokenPriceFeedAddress
FNDA:0,Switchlane._swapExactOutputSingle
FNDA:5,Switchlane._calculateSwapFee
FNDA:9,Switchlane.whitelistSwapPair
FNDA:1,Switchlane.getLinkTokenAddress
FNDA:1,Switchlane.getTokenUsdValue
FNDA:0,Switchlane._swapExactInputSingle
FNDA:1,Switchlane.calculateMaximumInAmount
FNDA:2,Switchlane.switchlaneExactOutput
FNDA:1,Switchlane.changePoolFee
FNDA:1,Switchlane.removePriceFeedUsdAddressToToken
FNDA:9,Switchlane.whitelistChain
FNDA:3,Switchlane.calculateLinkFees
FNDA:0,Switchlane.getTokenAmountFromUsd
FNDA:2,Switchlane.whitelistTokenOnChain
FNDA:1,Switchlane.calculateMinimumOutAmount
FNDA:1,Switchlane.denylistChain
FNDA:1,Switchlane.getSwapRouter
FNDA:1,Switchlane.denylistSwapPair
FNDA:2,Switchlane.getTokenPriceFeedAddress
FNDA:7,Switchlane.addPriceFeedUsdAddressToToken
FNDA:2,Switchlane.switchlaneExactInput
FNDA:2,Switchlane.withdrawToken
FNDA:1,Switchlane.denylistTokenOnChain
FNDA:249,Switchlane._receiveTokens
FNDA:4,Switchlane.calculateProtocolFees
FNDA:1,Switchlane.getRouterAddress
FNDA:0,Switchlane._transferTokens
FNDA:258,Switchlane.allowlistReceiveToken
FNDA:1,Switchlane.denylistReceiveToken
FNF:29
FNH:25
DA:179,0
DA:180,0
DA:181,0
DA:183,0
DA:197,0
DA:199,0
DA:201,0
DA:202,0
DA:203,0
DA:204,0
DA:207,0
DA:209,0
DA:210,0
DA:213,0
DA:215,0
DA:218,0
DA:220,0
DA:237,249
DA:247,0
DA:249,0
DA:260,0
DA:269,0
DA:271,0
DA:282,0
DA:284,0
DA:285,0
DA:290,5
DA:298,1
DA:300,1
DA:302,0
DA:318,2
DA:319,2
DA:320,2
DA:321,2
DA:323,2
DA:338,2
DA:340,2
DA:361,2
DA:363,2
DA:364,2
DA:365,2
DA:367,2
DA:369,2
DA:371,2
DA:380,7
DA:392,7
DA:394,7
DA:409,4
DA:410,4
DA:412,4
DA:451,0
DA:453,0
DA:455,0
DA:458,0
DA:459,0
DA:461,0
DA:462,0
DA:463,0
DA:465,0
DA:466,0
DA:467,0
DA:469,0
DA:470,0
DA:473,0
DA:475,0
DA:477,0
DA:478,0
DA:479,0
DA:480,0
DA:484,0
DA:488,0
DA:524,0
DA:526,0
DA:528,0
DA:530,0
DA:532,0
DA:534,0
DA:535,0
DA:537,0
DA:538,0
DA:539,0
DA:540,0
DA:542,0
DA:544,0
DA:545,0
DA:547,0
DA:548,0
DA:549,0
DA:550,0
DA:551,0
DA:554,0
DA:556,0
DA:558,0
DA:560,0
DA:561,0
DA:565,0
DA:567,0
DA:569,0
DA:570,0
DA:574,0
DA:599,1
DA:601,1
DA:603,1
DA:604,1
DA:606,1
DA:608,1
DA:610,1
DA:636,1
DA:638,1
DA:640,1
DA:641,1
DA:643,1
DA:645,1
DA:646,1
DA:648,1
DA:656,9
DA:664,1
DA:672,2
DA:680,1
DA:688,258
DA:696,1
DA:704,9
DA:712,1
DA:716,1
DA:726,7
DA:735,1
DA:743,1
DA:747,1
DA:751,1
DA:755,2
LF:130
LH:54
end_of_record
TN:
SF:test/SwitchlaneExposed.sol
FN:18,SwitchlaneExposed.calculateSwapFee
FN:22,SwitchlaneExposed.receiveTokens
FN:26,SwitchlaneExposed.swapExactInputSingle
FN:33,SwitchlaneExposed.swapExactOutputSingle
FN:40,SwitchlaneExposed.transferTokens
FNDA:0,SwitchlaneExposed.transferTokens
FNDA:249,SwitchlaneExposed.receiveTokens
FNDA:0,SwitchlaneExposed.swapExactInputSingle
FNDA:1,SwitchlaneExposed.calculateSwapFee
FNDA:0,SwitchlaneExposed.swapExactOutputSingle
FNF:5
FNH:2
DA:19,1
DA:23,249
DA:30,0
DA:37,0
DA:44,0
LF:5
LH:2
end_of_record
